<?xml version="1.0" encoding="UTF-8"?>
<!-- Generated by org.testng.reporters.JUnitXMLReporter -->
<testsuite hostname="LAPTOP-MU36A4M1" ignored="0" name="Regression Test" tests="4" failures="0" timestamp="23 Jun 2021 17:20:29 GMT" time="92.31" errors="0">
  <testcase name="usercategorytestit" time="9.306" classname="tests.Categorytest"/>
  <testcase name="usersearchagaintest" time="18.933" classname="tests.Searchagaintest"/>
  <testcase name="usersearchtest" time="2.36" classname="tests.Searchtest"/>
  <testcase name="usershiptest" time="11.078" classname="tests.Shiptest"/>
</testsuite> <!-- Regression Test -->
