<?xml version="1.0" encoding="UTF-8"?>
<!-- Generated by org.testng.reporters.JUnitXMLReporter -->
<testsuite hostname="LAPTOP-MU36A4M1" ignored="0" name="Regression Test" tests="4" failures="0" timestamp="23 Jun 2021 19:28:31 GMT" time="86.637" errors="0">
  <testcase name="usercategorytestit" time="11.634" classname="tests.Categorytest"/>
  <testcase name="usersearchagaintest" time="13.503" classname="tests.Searchagaintest"/>
  <testcase name="usersearchtest" time="3.371" classname="tests.Searchtest"/>
  <testcase name="usershiptest" time="8.792" classname="tests.Shiptest"/>
</testsuite> <!-- Regression Test -->
